make.exe --dry-run --always-make --keep-going --print-directory
make: Entering directory '/c/Users/ashle/tiva-c/boards/ek-tm4c123gxl/project0'
 
mkdir -p gcc
 
if [ 'x' = x ];                            \
 then                                                 \
     echo "  CC    project0.c";                             \
 else                                                 \
     echo arm-none-eabi-gcc -mthumb -mcpu=cortex-m4 -mfpu=fpv4-sp-d16 -mfloat-abi=softfp -ffunction-sections -fdata-sections -MD -std=c99 -Wall -pedantic -DPART_TM4C123GH6PM -c -Os -DTARGET_IS_TM4C123_RB1 -I.. -I../../.. -Dgcc -o gcc/project0.o project0.c; \
 fi
arm-none-eabi-gcc -mthumb -mcpu=cortex-m4 -mfpu=fpv4-sp-d16 -mfloat-abi=softfp -ffunction-sections -fdata-sections -MD -std=c99 -Wall -pedantic -DPART_TM4C123GH6PM -c -Os -DTARGET_IS_TM4C123_RB1 -I.. -I../../.. -Dgcc -o gcc/project0.o project0.c
 
if [ 'x' = x ];                            \
 then                                                 \
     echo "  CC    startup_gcc.c";                             \
 else                                                 \
     echo arm-none-eabi-gcc -mthumb -mcpu=cortex-m4 -mfpu=fpv4-sp-d16 -mfloat-abi=softfp -ffunction-sections -fdata-sections -MD -std=c99 -Wall -pedantic -DPART_TM4C123GH6PM -c -Os -DTARGET_IS_TM4C123_RB1 -I.. -I../../.. -Dgcc -o gcc/startup_gcc.o startup_gcc.c; \
 fi
arm-none-eabi-gcc -mthumb -mcpu=cortex-m4 -mfpu=fpv4-sp-d16 -mfloat-abi=softfp -ffunction-sections -fdata-sections -MD -std=c99 -Wall -pedantic -DPART_TM4C123GH6PM -c -Os -DTARGET_IS_TM4C123_RB1 -I.. -I../../.. -Dgcc -o gcc/startup_gcc.o startup_gcc.c
 
if [ 'xproject0.ld' = x ];                    \
 then                                                                 \
     ldname="../../../gcc/standalone.ld";                              \
 else                                                                 \
     ldname="project0.ld";                     \
 fi;                                                                  \
 if [ 'x' = x ];                                            \
 then                                                                 \
     echo "  LD    gcc/project0.axf ";                                  \
 else                                                                 \
     echo arm-none-eabi-ld -T ${ldname}                                         \
          --entry ResetISR                       \
                                    \
          --gc-sections -o gcc/project0.axf gcc/project0.o gcc/startup_gcc.o ../../../driverlib/gcc/libdriver.a                  \
          'c:/program files (x86)/gnu arm embedded toolchain/10 2021.10/bin/../lib/gcc/arm-none-eabi/10.3.1/../../../../arm-none-eabi/lib/thumb/v7e-m+fp/softfp/libm.a' 'c:/program files (x86)/gnu arm embedded toolchain/10 2021.10/bin/../lib/gcc/arm-none-eabi/10.3.1/../../../../arm-none-eabi/lib/thumb/v7e-m+fp/softfp/libc.a' 'c:/program files (x86)/gnu arm embedded toolchain/10 2021.10/bin/../lib/gcc/arm-none-eabi/10.3.1/thumb/v7e-m+fp/softfp/libgcc.a';                            \
 fi;                                                                  \
arm-none-eabi-ld -T ${ldname}                                                   \
      --entry ResetISR                           \
                                    \
      --gc-sections -o gcc/project0.axf gcc/project0.o gcc/startup_gcc.o ../../../driverlib/gcc/libdriver.a                      \
      'c:/program files (x86)/gnu arm embedded toolchain/10 2021.10/bin/../lib/gcc/arm-none-eabi/10.3.1/../../../../arm-none-eabi/lib/thumb/v7e-m+fp/softfp/libm.a' 'c:/program files (x86)/gnu arm embedded toolchain/10 2021.10/bin/../lib/gcc/arm-none-eabi/10.3.1/../../../../arm-none-eabi/lib/thumb/v7e-m+fp/softfp/libc.a' 'c:/program files (x86)/gnu arm embedded toolchain/10 2021.10/bin/../lib/gcc/arm-none-eabi/10.3.1/thumb/v7e-m+fp/softfp/libgcc.a'
arm-none-eabi-objcopy -O binary gcc/project0.axf gcc/project0.bin
 
make: Leaving directory '/c/Users/ashle/tiva-c/boards/ek-tm4c123gxl/project0'
 
